IQ-TREE multicore version 1.6.3 for Linux 64-bit built Mar 22 2018
Developed by Bui Quang Minh, Nguyen Lam Tung, Olga Chernomor,
Heiko Schmidt, Dominik Schrempf, Michael Woodhams.

Host:    node397 (AVX2, FMA3, 125 GB RAM)
Command: iqtree -s concatenated_alignment.aln -q partitions.txt -st AA -nt AUTO -bb 1000 -bnni
Seed:    343827 (Using SPRNG - Scalable Parallel Random Number Generator)
Time:    Mon Jan 18 15:46:49 2021
Kernel:  AVX+FMA - auto-detect threads (20 CPU cores detected)

Reading partition model file partitions.txt ...
Reading alignment file concatenated_alignment.aln ... Fasta format detected
Alignment most likely contains protein sequences
Alignment has 283 sequences with 6380 columns, 5294 distinct patterns
4103 parsimony-informative, 780 singleton sites, 1497 constant sites
         Gap/Ambiguity  Composition  p-value
   1  2502781   27.70%    passed     62.49%
   2  1737063   29.11%    passed     70.80%
   3  2321403   27.92%    passed     92.89%
   4  270921    28.54%    passed     98.93%
   5  262006    29.29%    passed     99.48%
   6  1678841   27.88%    passed     75.89%
   7  1117708   29.08%    passed     77.08%
   8  1294296   29.04%    passed     85.30%
   9  2419782   27.08%    passed     98.56%
  10  926549    28.21%    passed     91.39%
  11  760192    27.59%    passed     26.10%
  12  2528631   28.90%    passed     98.92%
  13  1796613   28.39%    passed     81.79%
  14  1123356   27.26%    passed     71.07%
  15  927658    28.46%    passed     98.77%
  16  442734    26.96%    failed      0.10%
  17  880071    27.16%    passed     49.07%
  18  1965019   28.54%    passed     96.34%
  19  504488    27.38%    passed     98.18%
  20  692418    29.33%    passed     93.72%
  21  880526    27.81%    passed     17.41%
  22  1123248   27.73%    passed     41.34%
  23  1383885   27.07%    passed     96.88%
  24  755732    29.08%    passed     91.66%
  25  1227945   29.12%    passed     97.51%
  26  216432    28.97%    passed     99.41%
  27  1003      28.09%    passed     95.88%
  28  313595    28.43%    passed     45.62%
  29  1717717   28.48%    passed     65.21%
  30  1089547   27.34%    failed      2.65%
  31  2315862   27.52%    passed     49.94%
  32  516051    27.05%    passed     80.36%
  33  2494697   29.36%    passed     99.93%
  34  1224947   29.33%    passed     96.42%
  35  2305895   27.04%    failed      2.21%
  36  1727163   28.93%    passed     99.32%
  37  1121904   27.82%    failed      1.63%
  38  1640674   28.10%    passed     56.66%
  39  1784714   25.80%    passed     99.65%
  40  1884793   27.76%    passed     69.92%
  41  1639035   29.09%    passed     89.52%
  42  1178825   29.22%    passed     99.97%
  43  164516    29.73%    failed      0.00%
  44  2516559   28.39%    passed     65.19%
  45  393921    28.23%    failed      4.28%
  46  1286632   29.20%    passed     93.42%
  47  1642647   28.28%    passed     99.73%
  48  1080224   29.31%    passed     99.43%
  49  1649169   27.38%    passed     57.33%
  50  1241981   28.61%    passed     99.13%
  51  985016    27.95%    passed     81.69%
  52  392009    27.27%    passed     98.86%
  53  1541063   28.42%    passed     97.52%
  54  279360    28.95%    passed     94.63%
  55  1168034   28.98%    passed     75.86%
  56  242600    28.71%    failed      0.00%
  57  758820    28.89%    passed     91.55%
  58  746697    28.43%    passed     99.97%
  59  570520    29.23%    passed     99.96%
  60  536441    28.68%    passed     96.58%
  61  1761453   27.70%    passed     98.80%
  62  761193    27.84%    passed     87.30%
  63  63186     27.65%    passed     99.10%
  64  1227077   27.04%    failed      3.08%
  65  655815    28.65%    passed     98.18%
  66  1469170   26.68%    failed      0.00%
  67  430522    27.96%    passed     84.75%
  68  1266046   29.31%    passed     95.36%
  69  1750599   28.86%    passed     98.59%
  70  392412    28.31%    passed     78.10%
  71  1622118   29.48%    passed     96.00%
  72  1750698   27.46%    failed      3.20%
  73  447679    28.73%    passed     98.91%
  74  1807691   29.12%    passed     95.76%
  75  1481457   28.53%    passed     96.08%
  76  1926625   29.15%    passed     98.33%
  77  1736674   29.28%    passed     99.88%
  78  343403    27.26%    passed     95.54%
  79  797291    28.31%    passed     76.24%
  80  28195     28.54%    failed      0.01%
  81  1796646   28.37%    passed     76.15%
  82  313606    26.85%    passed     40.77%
  83  693978    29.53%    passed     99.48%
  84  2482724   28.10%    passed     94.67%
  85  2479858   28.79%    passed     99.00%
  86  1168039   28.24%    passed     98.78%
  87  1121909   29.25%    passed     99.92%
  88  1048983   28.68%    passed     95.35%
  89  1232681   28.64%    passed     91.05%
  90  1150368   29.06%    passed     98.01%
  91  1122208   28.71%    passed     99.05%
  92  518766    27.43%    failed      0.00%
  93  1539049   26.96%    passed      7.02%
  94  143223    28.62%    passed     90.74%
  95  929556    28.57%    passed     99.60%
  96  1239962   28.70%    passed     91.97%
  97  884107    28.79%    passed     32.75%
  98  2093856   28.89%    passed     33.70%
  99  1300341   27.70%    passed     99.63%
 100  684065    29.22%    passed     88.37%
 101  1774273   29.34%    passed     96.86%
 102  1790137   29.40%    passed     78.14%
 103  1848904   29.14%    passed     84.68%
 104  269798    28.01%    passed     25.74%
 105  989       28.89%    passed     98.01%
 106  694427    28.57%    passed     96.06%
 107  2494373   28.06%    passed     88.07%
 108  1445657   29.28%    passed     99.92%
 109  2016530   28.82%    passed     20.89%
 110  754435    27.65%    passed     91.88%
 111  998844    28.32%    passed     94.10%
 112  1673718   28.59%    passed     82.51%
 113  1841857   28.82%    passed     53.08%
 114  393006    29.34%    passed     99.85%
 115  641691    26.35%    passed     86.02%
 116  572036    27.70%    passed     59.77%
 117  1978412   27.37%    passed     35.98%
 118  2585141   29.36%    passed     93.80%
 119  682526    28.73%    passed     56.01%
 120  496056    28.81%    passed     79.28%
 121  1850246   29.59%    passed     99.71%
 122  570521    29.04%    passed     99.97%
 123  2027860   27.66%    passed     54.85%
 124  510947    28.21%    passed     82.21%
 125  1852370   28.73%    passed      9.12%
 126  512763    28.68%    passed     74.72%
 127  762903    28.56%    passed     93.36%
 128  247       29.23%    passed     77.33%
 129  264023    28.97%    passed     99.94%
 130  584609    29.44%    passed     99.81%
 131  1380600   29.01%    passed     99.73%
 132  442714    28.45%    passed     99.99%
 133  101383    29.11%    passed     92.00%
 134  1004304   28.17%    failed      4.96%
 135  1122177   28.68%    passed     11.64%
 136  1454006   29.23%    passed     99.97%
 137  866536    28.90%    passed     99.40%
 138  1813871   27.63%    passed     75.03%
 139  1434701   29.22%    passed     88.02%
 140  990       28.68%    passed     95.26%
 141  946077    29.15%    passed     90.72%
 142  2175091   28.68%    passed     99.08%
 143  1803846   29.23%    passed     99.99%
 144  1223410   29.06%    passed     99.96%
 145  2305463   28.68%    passed     94.34%
 146  1042376   29.45%    passed     92.36%
 147  118967    27.18%    failed      0.00%
 148  379075    28.13%    passed     49.24%
 149  2070510   28.17%    passed     99.25%
 150  1178778   27.29%    passed     93.39%
 151  1485585   28.79%    passed     91.30%
 152  2094151   28.64%    passed     77.42%
 153  1803916   29.22%    passed     17.92%
 154  591202    28.17%    passed     90.90%
 155  1189612   28.86%    passed     85.99%
 156  1639118   28.71%    passed     99.22%
 157  1118202   29.11%    passed     99.99%
 158  1751427   27.73%    passed     10.84%
 159  619805    28.84%    passed     97.24%
 160  1307839   28.62%    passed     40.41%
 161  688867    27.88%    passed     97.14%
 162  1121903   27.30%    passed      9.64%
 163  313596    26.66%    passed     87.37%
 164  929713    27.26%    passed     60.46%
 165  192904    27.19%    passed     97.82%
 166  1465490   27.79%    passed     77.87%
 167  1075417   27.70%    passed     74.02%
 168  1537566   29.12%    passed     90.34%
 169  929703    28.20%    passed     92.50%
 170  979970    28.45%    passed     95.18%
 171  385682    28.56%    passed     47.09%
 172  1871023   27.74%    passed      6.93%
 173  237258    28.81%    passed     93.30%
 174  1230530   29.25%    passed     99.98%
 175  213248    28.61%    passed     97.77%
 176  564064    26.61%    failed      2.97%
 177  28112     28.12%    passed     95.57%
 178  1124780   29.04%    passed    100.00%
 179  2173829   28.75%    failed      3.75%
 180  616991    27.81%    passed     99.93%
 181  2291815   27.96%    passed     30.50%
 182  493375    29.14%    passed     92.82%
 183  2499629   27.79%    passed     67.97%
 184  49280     28.79%    passed     99.29%
 185  623280    27.43%    passed     95.16%
 186  291179    27.85%    passed     99.61%
 187  573501    29.03%    passed     97.67%
 188  886379    28.43%    passed     84.97%
 189  742817    28.79%    passed     59.84%
 190  1841865   28.39%    passed     37.21%
 191  523696    27.63%    passed     97.02%
 192  477690    29.22%    passed     99.99%
 193  266749    28.20%    passed     96.99%
 194  1627894   28.26%    passed     99.39%
 195  1492898   27.46%    passed     43.88%
 196  2171629   28.81%    passed     96.94%
 197  911197    29.03%    passed     59.35%
 198  926559    29.08%    passed     99.82%
 199  1123057   28.73%    passed     88.86%
 200  762982    28.75%    passed     26.38%
 201  2487930   29.25%    passed     78.83%
 202  387659    28.24%    passed     96.33%
 203  2479004   28.07%    passed     42.56%
 204  172045    28.75%    passed     98.20%
 205  471854    28.32%    passed     81.85%
 206  2575867   27.35%    passed      5.26%
 207  390640    28.59%    passed     99.51%
 208  2077091   26.68%    passed      6.98%
 209  1585976   29.00%    passed     99.90%
 210  1349421   27.99%    passed     83.28%
 211  700598    27.46%    passed     29.72%
 212  1642646   27.84%    passed     84.27%
 213  926562    28.79%    passed     93.02%
 214  1348584   27.79%    passed     99.93%
 215  661488    27.68%    passed     57.81%
 216  1812012   29.33%    passed     98.86%
 217  504487    29.31%    passed     99.97%
 218  649333    29.28%    passed     99.78%
 219  1929488   29.11%    passed     99.86%
 220  2126553   28.46%    passed     95.58%
 221  927664    28.18%    passed     78.79%
 222  400092    28.97%    passed     99.88%
 223  1089550   28.29%    failed      0.00%
 224  2594004   29.25%    passed     98.17%
 225  1408433   29.06%    passed     74.00%
 226  1842495   28.37%    passed     97.78%
 227  1850348   27.13%    failed      0.00%
 228  1433126   28.09%    passed     39.22%
 229  643867    28.81%    passed     91.40%
 230  889453    28.73%    passed     58.86%
 231  879969    28.50%    passed     99.96%
 232  1123037   28.46%    passed     99.91%
 233  1605892   28.48%    passed     88.89%
 234  1586267   29.20%    passed     63.00%
 235  823       28.56%    passed     99.67%
 236  1520893   29.28%    passed     99.98%
 237  1564516   28.56%    passed     14.66%
 238  1434752   27.41%    passed     79.24%
 239  2585119   27.70%    failed      1.15%
 240  655355    28.87%    passed     93.64%
 241  1300343   29.12%    passed     99.91%
 242  192903    27.41%    passed     97.18%
 243  2042995   29.28%    passed     99.96%
 244  639310    29.29%    passed     99.65%
 245  653929    27.90%    passed     89.91%
 246  1121902   27.74%    passed     61.42%
 247  1079859   28.32%    passed     95.43%
 248  563176    28.06%    passed     75.36%
 249  1819566   29.11%    passed     99.44%
 250  357276    28.40%    passed     65.49%
 251  1302690   27.48%    passed      5.29%
 252  880074    28.70%    passed     74.36%
 253  702745    29.61%    passed     68.58%
 254  1484053   28.45%    passed     42.22%
 255  1770527   27.55%    passed     55.06%
 256  1909700   28.90%    passed     99.96%
 257  649349    28.06%    passed     99.75%
 258  1401325   29.04%    passed     52.37%
 259  1816680   28.95%    passed     95.41%
 260  1166018   26.96%    failed      0.85%
 261  1168035   28.75%    passed     35.34%
 262  1349822   28.76%    passed     92.70%
 263  472055    28.81%    passed     99.85%
 264  1393122   27.88%    failed      0.00%
 265  679199    28.68%    passed     36.06%
 266  2268757   27.49%    passed     15.87%
 267  1218801   28.34%    passed     99.89%
 268  319238    27.95%    passed     98.43%
 269  1121875   27.21%    passed     99.94%
 270  319236    29.56%    passed     90.97%
 271  558152    28.62%    passed     97.75%
 272  571115    29.29%    passed     99.92%
 273  555500    29.14%    passed     93.08%
 274  1763537   28.20%    passed     98.66%
 275  320787    28.84%    passed     49.35%
 276  1486034   29.28%    passed     99.95%
 277  2029983   27.82%    passed     96.82%
 278  1547597   28.65%    passed     10.79%
 279  984262    25.27%    failed      3.74%
 280  2058175   28.46%    passed     99.48%
 281  926565    27.85%    passed      5.97%
 282  865938    29.14%    passed     97.46%
 283  1703343   28.89%    passed     99.24%
****  TOTAL     28.40%  22 sequences failed composition chi2 test (p-value<5%; df=19)

Partition file is not in NEXUS format, assuming RAxML-style partition file...
Subset	Type	Seqs	Sites	Infor	Invar	Model	Name
1	AA	283	239	186	40	LG	L1.fasta
2	AA	283	305	211	73	LG	L2.fasta
3	AA	283	284	175	76	LG	L3.fasta
4	AA	283	281	189	74	LG	L4.fasta
5	AA	283	228	158	57	LG	L5.fasta
6	AA	283	221	159	46	LG	L6.fasta
7	AA	283	283	189	53	LG	L10.fasta
8	AA	283	190	132	41	LG	L13.fasta
9	AA	283	124	85	31	LG	L14.fasta
10	AA	283	305	135	113	LG	L15.fasta
11	AA	283	137	101	30	LG	L18.fasta
12	AA	283	249	162	40	LG	L22.fasta
13	AA	283	126	94	17	LG	L23.fasta
14	AA	283	175	116	32	LG	L24.fasta
15	AA	283	117	88	7	LG	L29.fasta
16	AA	283	699	385	182	LG	S2.fasta
17	AA	283	486	288	115	LG	S3.fasta
18	AA	283	209	163	33	LG	S4.fasta
19	AA	283	213	136	53	LG	S5.fasta
20	AA	283	168	133	24	LG	S7.fasta
21	AA	283	138	104	18	LG	S8.fasta
22	AA	283	177	102	63	LG	S9.fasta
23	AA	283	105	64	24	LG	S10.fasta
24	AA	283	146	101	33	LG	S11.fasta
25	AA	283	174	71	87	LG	S12.fasta
26	AA	283	130	85	36	LG	S13.fasta
27	AA	283	105	74	15	LG	S14.fasta
28	AA	283	111	76	18	LG	S15.fasta
29	AA	283	158	76	42	LG	S17.fasta
30	AA	283	97	65	24	LG	S19.fasta
Degree of missing data: 0.000
Info: multi-threading strategy over partitions

WARNING: States(s) W rarely appear in partition L5.fasta and may cause numerical problems
WARNING: States(s) W rarely appear in partition L14.fasta and may cause numerical problems
WARNING: States(s) W rarely appear in partition S8.fasta and may cause numerical problems
WARNING: States(s) W rarely appear in partition S10.fasta and may cause numerical problems
WARNING: States(s) W rarely appear in partition S15.fasta and may cause numerical problems

Create initial parsimony tree by phylogenetic likelihood library (PLL)... 1.140 seconds
Generating 1000 samples for ultrafast bootstrap (seed: 343827)...

NOTE: 301 MB RAM (0 GB) is required!
Measuring multi-threading efficiency up to 20 CPU cores
Increase to 10 rounds for branch lengths
3 trees examined
Threads: 1 / Time: 31.015 sec / Speedup: 1.000 / Efficiency: 100% / LogL: -1385503
Threads: 2 / Time: 70.286 sec / Speedup: 0.441 / Efficiency: 22% / LogL: -1385503
BEST NUMBER OF THREADS: 1

Estimate model parameters (epsilon = 0.100)
Initial log-likelihood: -785224.460
Current log-likelihood at step 1: -785072.895
Current log-likelihood at step 2: -785072.765
Current log-likelihood at step 3: -785072.765
Parameters optimization took 2 rounds (7.330 sec)

Computing ML distances based on estimated model parameters... 128.180 sec
Computing BIONJ tree...
0.159 seconds
Log-likelihood of BIONJ tree: -787281.106
--------------------------------------------------------------------
|             INITIALIZING CANDIDATE TREE SET                      |
--------------------------------------------------------------------
Generating 98 parsimony trees... 145.908 second
Computing log-likelihood of 98 initial trees ... 549.773 seconds
Current best score: -784947.948

Do NNI search on 20 best initial trees
Estimate model parameters (epsilon = 0.100)
Initial log-likelihood: -784766.198
Current log-likelihood at step 1: -784766.198
Parameters optimization took 0 rounds (1.321 sec)

BETTER TREE FOUND at iteration 1: -784766.198
Estimate model parameters (epsilon = 0.100)
Initial log-likelihood: -784718.720
Current log-likelihood at step 1: -784718.720
Parameters optimization took 0 rounds (1.399 sec)

BETTER TREE FOUND at iteration 2: -784718.720
Estimate model parameters (epsilon = 0.100)
Initial log-likelihood: -784709.099
Current log-likelihood at step 1: -784709.099
Parameters optimization took 0 rounds (1.427 sec)

BETTER TREE FOUND at iteration 4: -784709.099
Estimate model parameters (epsilon = 0.100)
Initial log-likelihood: -784707.943
Current log-likelihood at step 1: -784707.943
Parameters optimization took 0 rounds (1.305 sec)

BETTER TREE FOUND at iteration 5: -784707.943
Estimate model parameters (epsilon = 0.100)
Initial log-likelihood: -784701.931
Current log-likelihood at step 1: -784701.931
Parameters optimization took 0 rounds (1.288 sec)

BETTER TREE FOUND at iteration 10: -784701.931
Iteration 10 / LogL: -784701.931 / Time: 0h:19m:49s
Iteration 20 / LogL: -784780.111 / Time: 0h:23m:20s
Finish initializing candidate tree set (18)
Current best tree score: -784701.931 / CPU time: 1153.518
Number of iterations: 20
--------------------------------------------------------------------
|               OPTIMIZING CANDIDATE TREE SET                      |
--------------------------------------------------------------------
Estimate model parameters (epsilon = 0.100)
Initial log-likelihood: -784684.107
Current log-likelihood at step 1: -784684.107
Parameters optimization took 0 rounds (1.461 sec)

BETTER TREE FOUND at iteration 21: -784684.107
Estimate model parameters (epsilon = 0.100)
Initial log-likelihood: -784661.532
Current log-likelihood at step 1: -784661.532
Parameters optimization took 0 rounds (1.567 sec)

BETTER TREE FOUND at iteration 26: -784661.532
Estimate model parameters (epsilon = 0.100)
Initial log-likelihood: -784650.280
Current log-likelihood at step 1: -784650.280
Parameters optimization took 0 rounds (1.563 sec)

BETTER TREE FOUND at iteration 30: -784650.280
Iteration 30 / LogL: -784650.280 / Time: 0h:29m:37s (1h:42m:4s left)
Estimate model parameters (epsilon = 0.100)
Initial log-likelihood: -784648.731
Current log-likelihood at step 1: -784648.730
Parameters optimization took 0 rounds (1.573 sec)

BETTER TREE FOUND at iteration 37: -784648.730
Iteration 40 / LogL: -784683.159 / Time: 0h:35m:24s (1h:27m:59s left)
Estimate model parameters (epsilon = 0.100)
Initial log-likelihood: -784648.027
Current log-likelihood at step 1: -784648.027
Parameters optimization took 0 rounds (1.405 sec)

BETTER TREE FOUND at iteration 42: -784648.027
Estimate model parameters (epsilon = 0.100)
Initial log-likelihood: -784642.698
Current log-likelihood at step 1: -784642.697
Parameters optimization took 0 rounds (1.341 sec)

BETTER TREE FOUND at iteration 45: -784642.697
BETTER TREE FOUND at iteration 50: -784642.688
Iteration 50 / LogL: -784642.688 / Time: 0h:41m:25s (1h:24m:29s left)
Iteration 60 / LogL: -784676.785 / Time: 0h:47m:21s (1h:12m:12s left)
Estimate model parameters (epsilon = 0.100)
Initial log-likelihood: -784639.958
Current log-likelihood at step 1: -784639.958
Parameters optimization took 0 rounds (1.378 sec)

BETTER TREE FOUND at iteration 62: -784639.958
Iteration 70 / LogL: -784746.800 / Time: 0h:53m:16s (1h:10m:59s left)
Iteration 80 / LogL: -784660.477 / Time: 0h:59m:17s (1h:1m:31s left)
Estimate model parameters (epsilon = 0.100)
Initial log-likelihood: -784638.967
Current log-likelihood at step 1: -784638.967
Parameters optimization took 0 rounds (1.381 sec)

BETTER TREE FOUND at iteration 81: -784638.967
Estimate model parameters (epsilon = 0.100)
Initial log-likelihood: -784637.759
Current log-likelihood at step 1: -784637.759
Parameters optimization took 0 rounds (1.368 sec)

BETTER TREE FOUND at iteration 83: -784637.759
Iteration 90 / LogL: -784986.880 / Time: 1h:4m:59s (1h:7m:52s left)
Iteration 100 / LogL: -784692.339 / Time: 1h:10m:58s (0h:59m:28s left)
Iteration 110 / LogL: -784669.721 / Time: 1h:16m:41s (0h:51m:20s left)
Estimate model parameters (epsilon = 0.100)
Initial log-likelihood: -784636.856
Current log-likelihood at step 1: -784636.856
Parameters optimization took 0 rounds (1.488 sec)

BETTER TREE FOUND at iteration 118: -784636.856
Iteration 120 / LogL: -784649.870 / Time: 1h:22m:23s (1h:7m:49s left)
Iteration 130 / LogL: -784638.970 / Time: 1h:28m:16s (1h:0m:12s left)
Iteration 140 / LogL: -784695.389 / Time: 1h:33m:53s (0h:52m:40s left)
Iteration 150 / LogL: -784707.474 / Time: 1h:39m:46s (0h:45m:31s left)
Iteration 160 / LogL: -784749.050 / Time: 1h:46m:8s (0h:38m:42s left)
Iteration 170 / LogL: -784644.865 / Time: 1h:52m:3s (0h:31m:49s left)
Iteration 180 / LogL: -784653.677 / Time: 1h:57m:49s (0h:25m:0s left)
Iteration 190 / LogL: -784645.657 / Time: 2h:3m:40s (0h:18m:19s left)
Iteration 200 / LogL: -784636.861 / Time: 2h:9m:48s (0h:11m:44s left)
Iteration 210 / LogL: -784687.991 / Time: 2h:15m:39s (0h:5m:11s left)
Refining ufboot trees with NNI 5 branches...
100 samples done
200 samples done
300 samples done
400 samples done
500 samples done
600 samples done
700 samples done
800 samples done
900 samples done
1000 samples done
Total 1000 ufboot trees refined
TREE SEARCH COMPLETED AFTER 219 ITERATIONS / Time: 6h:17m:39s

--------------------------------------------------------------------
|                    FINALIZING TREE SEARCH                        |
--------------------------------------------------------------------
Performs final model parameters optimization
Estimate model parameters (epsilon = 0.010)
Initial log-likelihood: -784636.856
Current log-likelihood at step 1: -784636.856
Parameters optimization took 0 rounds (1.206 sec)

BEST SCORE FOUND : -784636.856
Creating bootstrap support values...
Split supports printed to NEXUS file partitions.txt.splits.nex
Total tree length: 33.150

Total number of iterations: 219
CPU time used for tree search: 22318.109 sec (6h:11m:58s)
Wall-clock time used for tree search: 22411.052 sec (6h:13m:31s)
Total CPU time used: 22540.110 sec (6h:15m:40s)
Total wall-clock time used: 22662.931 sec (6h:17m:42s)
UFBoot trees printed to partitions.txt.ufboot

Computing bootstrap consensus tree...
Reading input file partitions.txt.splits.nex...
283 taxa and 1127 splits.
Consensus tree written to partitions.txt.contree
Reading input trees file partitions.txt.contree
Log-likelihood of consensus tree: -784642.811

Analysis results written to: 
  IQ-TREE report:                partitions.txt.iqtree
  Maximum-likelihood tree:       partitions.txt.treefile
  Likelihood distances:          partitions.txt.mldist

Ultrafast bootstrap approximation results written to:
  Split support values:          partitions.txt.splits.nex
  Consensus tree:                partitions.txt.contree
  UFBoot trees:                  partitions.txt.ufboot
  Screen log file:               partitions.txt.log

Date and Time: Mon Jan 18 22:04:48 2021
