IQ-TREE multicore version 1.6.3 for Linux 64-bit built Mar 22 2018
Developed by Bui Quang Minh, Nguyen Lam Tung, Olga Chernomor,
Heiko Schmidt, Dominik Schrempf, Michael Woodhams.

Host:    node400 (AVX2, FMA3, 125 GB RAM)
Command: iqtree -s concatenated_alignment.aln -q partitions.txt -st AA -nt AUTO
Seed:    565870 (Using SPRNG - Scalable Parallel Random Number Generator)
Time:    Wed Jan  6 18:46:15 2021
Kernel:  AVX+FMA - auto-detect threads (20 CPU cores detected)

Reading partition model file partitions.txt ...
Reading alignment file concatenated_alignment.aln ... Fasta format detected
NOTE: Change sequence name '643867 Marivirga tractuosa DSM 4126 643867 Marivirga tractuosa DSM 4126' -> 643867_Marivirga
NOTE: Change sequence name '880071 Bernardetia litoralis DSM 6794 880071 Bernardetia litoralis DSM 6794' -> 880071_Bernardetia
NOTE: Change sequence name '512763 Rufibacter tibetensis 512763 Rufibacter tibetensis' -> 512763_Rufibacter
NOTE: Change sequence name '1884793 Pseudoflavitalea rhizosphaerae 1884793 Pseudoflavitalea rhizosphaerae' -> 1884793_Pseudoflavitalea
NOTE: Change sequence name '1124780 Nafulsella turpanensis ZLM-10 1124780 Nafulsella turpanensis ZLM-10' -> 1124780_Nafulsella
NOTE: Change sequence name '1784714 Arcticibacterium luteifluviistationis 1784714 Arcticibacterium luteifluviistationis' -> 1784714_Arcticibacterium
NOTE: Change sequence name '523696 Saonia flava 523696 Saonia flava' -> 523696_Saonia
NOTE: Change sequence name '319236 Nonlabens sediminis 319236 Nonlabens sediminis' -> 319236_Nonlabens
NOTE: Change sequence name '762903 Pseudopedobacter saltans DSM 12145 762903 Pseudopedobacter saltans DSM 12145' -> 762903_Pseudopedobacter
NOTE: Change sequence name '616991 Arenibacter algicola 616991 Arenibacter algicola' -> 616991_Arenibacter
NOTE: Change sequence name '755732 Fluviicola taffensis DSM 16823 755732 Fluviicola taffensis DSM 16823' -> 755732_Fluviicola
NOTE: Change sequence name '761193 Runella slithyformis DSM 19594 761193 Runella slithyformis DSM 19594' -> 761193_Runella
NOTE: Change sequence name '1717717 Labilibaculum antarcticum 1717717 Labilibaculum antarcticum' -> 1717717_Labilibaculum
NOTE: Change sequence name 'MAG 14 MAG 14' -> MAG_14
NOTE: Change sequence name '1227077 Siccationidurans arizonensis 1227077 Siccationidurans arizonensis' -> 1227077_Siccationidurans
NOTE: Change sequence name '496056 Anseongella ginsenosidimutans 496056 Anseongella ginsenosidimutans' -> 496056_Anseongella
NOTE: Change sequence name '1123057 Rhodonellum psychrophilum GCM71 = DSM 17998 1123057 Rhodonellum psychrophilum GCM71 = DSM 17998' -> 1123057_Rhodonellum
NOTE: Change sequence name '1302690 Cnuella takakiae 1302690 Cnuella takakiae' -> 1302690_Cnuella
NOTE: Change sequence name 'MAG 55 MAG 55' -> MAG_55
NOTE: Change sequence name '1842495 Pelobium manganitolerans 1842495 Pelobium manganitolerans' -> 1842495_Pelobium
NOTE: Change sequence name '1912246 Seonamhaeicola marinus 1912246 Seonamhaeicola marinus' -> 1912246_Seonamhaeicola
NOTE: Change sequence name 'MAG 3 MAG 3' -> MAG_3
NOTE: Change sequence name '2027860 Mucilaginibacter rubeus 2027860 Mucilaginibacter rubeus' -> 2027860_Mucilaginibacter
NOTE: Change sequence name '510947 Lacibacter cauensis 510947 Lacibacter cauensis' -> 510947_Lacibacter
NOTE: Change sequence name '2175091 Flavobacterium album 2175091 Flavobacterium album' -> 2175091_Flavobacterium
NOTE: Change sequence name '2516559 Aquirufa antheringensis 2516559 Aquirufa antheringensis' -> 2516559_Aquirufa
NOTE: Change sequence name '655355 Sunxiuqinia elliptica 655355 Sunxiuqinia elliptica' -> 655355_Sunxiuqinia
NOTE: Change sequence name '213248 Mesonia algae 213248 Mesonia algae' -> 213248_Mesonia
NOTE: Change sequence name '536441 Chryseobacterium taklimakanense 536441 Chryseobacterium taklimakanense' -> 536441_Chryseobacterium
NOTE: Change sequence name '2321403 Chryseolinea soli 2321403 Chryseolinea soli' -> 2321403_Chryseolinea
NOTE: Change sequence name '477690 Lishizhenia tianjinensis 477690 Lishizhenia tianjinensis' -> 477690_Lishizhenia
NOTE: Change sequence name '1926625 Vicingus serpentipes 1926625 Vicingus serpentipes' -> 1926625_Vicingus
NOTE: Change sequence name '2305895 Fibrisoma montanum 2305895 Fibrisoma montanum' -> 2305895_Fibrisoma
NOTE: Change sequence name '823 Parabacteroides distasonis 823 Parabacteroides distasonis' -> 823_Parabacteroides
NOTE: Change sequence name '504488 Muriicola jejuensis 504488 Muriicola jejuensis' -> 504488_Muriicola
NOTE: Change sequence name '984262 Saprospira grandis str. Lewin 984262 Saprospira grandis str. Lewin' -> 984262_Saprospira
NOTE: Change sequence name '1770527 Larkinella soli 1770527 Larkinella soli' -> 1770527_Larkinella
NOTE: Change sequence name '357276 Phocaeicola dorei 357276 Phocaeicola dorei' -> 357276_Phocaeicola
NOTE: Change sequence name '1122177 Flavilitoribacter nigricans DSM 23189 = NBRC 102662 1122177 Flavilitoribacter nigricans DSM 23189 = NBRC 102662' -> 1122177_Flavilitoribacter
NOTE: Change sequence name '1380600 Flaviramulus ichthyoenteri Th78 1380600 Flaviramulus ichthyoenteri Th78' -> 1380600_Flaviramulus
NOTE: Change sequence name '400092 Pontibacter korlensis 400092 Pontibacter korlensis' -> 400092_Pontibacter
NOTE: Change sequence name '1639118 Mangrovibacterium marinum 1639118 Mangrovibacterium marinum' -> 1639118_Mangrovibacterium
NOTE: Change sequence name '2093856 Butyricimonas faecalis 2093856 Butyricimonas faecalis' -> 2093856_Butyricimonas
NOTE: Change sequence name '2528631 Puteibacter caeruleilacunae 2528631 Puteibacter caeruleilacunae' -> 2528631_Puteibacter
NOTE: Change sequence name '2502781 Hymenobacter jejuensis 2502781 Hymenobacter jejuensis' -> 2502781_Hymenobacter
NOTE: Change sequence name '762982 Paraprevotella xylaniphila YIT 11841 762982 Paraprevotella xylaniphila YIT 11841' -> 762982_Paraprevotella
NOTE: Change sequence name '1218801 Kordia antarctica 1218801 Kordia antarctica' -> 1218801_Kordia
NOTE: Change sequence name '797291 Sphingobacterium lactis 797291 Sphingobacterium lactis' -> 797291_Sphingobacterium
NOTE: Change sequence name '2479858 Amniculibacterium aquaticum 2479858 Amniculibacterium aquaticum' -> 2479858_Amniculibacterium
NOTE: Change sequence name 'MAG 4 MAG 4' -> MAG_4
NOTE: Change sequence name '192904 Kriegella aquimaris 192904 Kriegella aquimaris' -> 192904_Kriegella
NOTE: Change sequence name '1286632 Zhouia amylolytica AD3 1286632 Zhouia amylolytica AD3' -> 1286632_Zhouia
NOTE: Change sequence name '653929 Albibacterium bauzanense 653929 Albibacterium bauzanense' -> 653929_Albibacterium
NOTE: Change sequence name '1640674 Williamwhitmania taraxaci 1640674 Williamwhitmania taraxaci' -> 1640674_Williamwhitmania
NOTE: Change sequence name '393921 Porphyromonas crevioricanis 393921 Porphyromonas crevioricanis' -> 393921_Porphyromonas
NOTE: Change sequence name 'MAG 46 MAG 46' -> MAG_46
NOTE: Change sequence name '393006 Tamlana crocina 393006 Tamlana crocina' -> 393006_Tamlana
NOTE: Change sequence name '1048983 Anditalea andensis 1048983 Anditalea andensis' -> 1048983_Anditalea
NOTE: Change sequence name '313595 Psychroflexus torquis ATCC 700755 313595 Psychroflexus torquis ATCC 700755' -> 313595_Psychroflexus
NOTE: Change sequence name '2268757 Paracnuella aquatica 2268757 Paracnuella aquatica' -> 2268757_Paracnuella
NOTE: Change sequence name '1750698 Arsenicibacter rosenii 1750698 Arsenicibacter rosenii' -> 1750698_Arsenicibacter
NOTE: Change sequence name '926549 Adhaeribacter aquaticus DSM 16391 926549 Adhaeribacter aquaticus DSM 16391' -> 926549_Adhaeribacter
NOTE: Change sequence name '694427 Paludibacter propionicigenes WB4 694427 Paludibacter propionicigenes WB4' -> 694427_Paludibacter
NOTE: Change sequence name '702745 Myroides phaeus 702745 Myroides phaeus' -> 702745_Myroides
NOTE: Change sequence name '1434752 Arcticibacter eurypsychrophilus 1434752 Arcticibacter eurypsychrophilus' -> 1434752_Arcticibacter
NOTE: Change sequence name 'MAG 45 MAG 45' -> MAG_45
NOTE: Change sequence name '2575867 Ilyomonas limi 2575867 Ilyomonas limi' -> 2575867_Ilyomonas
NOTE: Change sequence name '1481457 Spongiivirga citrea 1481457 Spongiivirga citrea' -> 1481457_Spongiivirga
NOTE: Change sequence name '266749 Chryseobacterium jeonii 266749 Chryseobacterium jeonii' -> 266749_Chryseobacterium
NOTE: Change sequence name '2171629 Botryobacter ruber 2171629 Botryobacter ruber' -> 2171629_Botryobacter
NOTE: Change sequence name '28112 Tannerella forsythia 28112 Tannerella forsythia' -> 28112_Tannerella
NOTE: Change sequence name '926562 Owenweeksia hongkongensis DSM 17368 926562 Owenweeksia hongkongensis DSM 17368' -> 926562_Owenweeksia
NOTE: Change sequence name '758820 Aquiflexum balticum DSM 16537 758820 Aquiflexum balticum DSM 16537' -> 758820_Aquiflexum
NOTE: Change sequence name '247 Empedobacter brevis 247 Empedobacter brevis' -> 247_Empedobacter
NOTE: Change sequence name '760192 Haliscomenobacter hydrossis DSM 1100 760192 Haliscomenobacter hydrossis DSM 1100' -> 760192_Haliscomenobacter
NOTE: Change sequence name '1042376 Ochrovirga pacifica 1042376 Ochrovirga pacifica' -> 1042376_Ochrovirga
NOTE: Change sequence name '390640 Salinimicrobium catena 390640 Salinimicrobium catena' -> 390640_Salinimicrobium
NOTE: Change sequence name '682526 Natronoflexus pectinivorans 682526 Natronoflexus pectinivorans' -> 682526_Natronoflexus
NOTE: Change sequence name '1763537 Cochleicola gelatinilyticus 1763537 Cochleicola gelatinilyticus' -> 1763537_Cochleicola
NOTE: Change sequence name '1727163 Algoriphagus sanaruensis 1727163 Algoriphagus sanaruensis' -> 1727163_Algoriphagus
NOTE: Change sequence name '1150368 Sinomicrobium oceani 1150368 Sinomicrobium oceani' -> 1150368_Sinomicrobium
NOTE: Change sequence name '493375 Chryseobacterium humi 493375 Chryseobacterium humi' -> 493375_Chryseobacterium
NOTE: Change sequence name '1639035 Ancylomarina subtilis 1639035 Ancylomarina subtilis' -> 1639035_Ancylomarina
NOTE: Change sequence name '2291815 Deminuibacter soli 2291815 Deminuibacter soli' -> 2291815_Deminuibacter
NOTE: Change sequence name '884107 Schleiferia thermophila 884107 Schleiferia thermophila' -> 884107_Schleiferia
NOTE: Change sequence name '989 Marinilabilia salmonicolor 989 Marinilabilia salmonicolor' -> 989_Marinilabilia
NOTE: Change sequence name '472055 Leptobacterium flavescens 472055 Leptobacterium flavescens' -> 472055_Leptobacterium
NOTE: Change sequence name '1796613 Bacteroides caecimuris 1796613 Bacteroides caecimuris' -> 1796613_Bacteroides
NOTE: Change sequence name 'MAG 5 MAG 5' -> MAG_5
NOTE: Change sequence name '649349 Leadbetterella byssophila DSM 17132 649349 Leadbetterella byssophila DSM 17132' -> 649349_Leadbetterella
NOTE: Change sequence name '313596 Robiginitalea biformata HTCC2501 313596 Robiginitalea biformata HTCC2501' -> 313596_Robiginitalea
NOTE: Change sequence name '1445657 Hanstruepera neustonica 1445657 Hanstruepera neustonica' -> 1445657_Hanstruepera
NOTE: Change sequence name '1761453 Euzebyella marina 1761453 Euzebyella marina' -> 1761453_Euzebyella
NOTE: Change sequence name '1816680 Vaginella massiliensis 1816680 Vaginella massiliensis' -> 1816680_Vaginella
NOTE: Change sequence name '1605367 Jiulongibacter sediminis 1605367 Jiulongibacter sediminis' -> 1605367_Jiulongibacter
NOTE: Change sequence name '1965019 Geofilum rhodophaeum 1965019 Geofilum rhodophaeum' -> 1965019_Geofilum
NOTE: Change sequence name '1465490 Parafilimonas terrae 1465490 Parafilimonas terrae' -> 1465490_Parafilimonas
NOTE: Change sequence name 'MAG 6 MAG 6' -> MAG_6
NOTE: Change sequence name '1803846 Flavivirga eckloniae 1803846 Flavivirga eckloniae' -> 1803846_Flavivirga
NOTE: Change sequence name '442734 Lewinella antarctica 442734 Lewinella antarctica' -> 442734_Lewinella
NOTE: Change sequence name '880526 Rikenella microfusus DSM 15922 880526 Rikenella microfusus DSM 15922' -> 880526_Rikenella
NOTE: Change sequence name '927664 Flexibacter flexilis DSM 6793 927664 Flexibacter flexilis DSM 6793' -> 927664_Flexibacter
NOTE: Change sequence name '1121875 Eudoraea adriatica DSM 19308 1121875 Eudoraea adriatica DSM 19308' -> 1121875_Eudoraea
NOTE: Change sequence name '1178778 Maribacter cobaltidurans 1178778 Maribacter cobaltidurans' -> 1178778_Maribacter
NOTE: Change sequence name '2594004 Formosa sediminum 2594004 Formosa sediminum' -> 2594004_Formosa
NOTE: Change sequence name '2585141 Flavicella sediminum 2585141 Flavicella sediminum' -> 2585141_Flavicella
NOTE: Change sequence name '1585976 Bergeyella cardium 1585976 Bergeyella cardium' -> 1585976_Bergeyella
NOTE: Change sequence name '693978 Riemerella anatipestifer ATCC 11845 = DSM 15868 693978 Riemerella anatipestifer ATCC 11845 = DSM 15868' -> 693978_Riemerella
NOTE: Change sequence name '1841857 Culturomica massiliensis 1841857 Culturomica massiliensis' -> 1841857_Culturomica
NOTE: Change sequence name '700598 Niastella koreensis GR20-10 700598 Niastella koreensis GR20-10' -> 700598_Niastella
NOTE: Change sequence name '1627894 Lascolabacillus massiliensis 1627894 Lascolabacillus massiliensis' -> 1627894_Lascolabacillus
NOTE: Change sequence name '1484053 Mariniphaga anaerophila 1484053 Mariniphaga anaerophila' -> 1484053_Mariniphaga
NOTE: Change sequence name '291179 Subsaximicrobium wynnwilliamsii 291179 Subsaximicrobium wynnwilliamsii' -> 291179_Subsaximicrobium
NOTE: Change sequence name '688867 Ohtaekwangia koreensis 688867 Ohtaekwangia koreensis' -> 688867_Ohtaekwangia
NOTE: Change sequence name '985016 Olivibacter jilunii 985016 Olivibacter jilunii' -> 985016_Olivibacter
NOTE: Change sequence name '1909700 Confluentibacter flavum 1909700 Confluentibacter flavum' -> 1909700_Confluentibacter
NOTE: Change sequence name '2173829 Thermaurantimonas aggregans 2173829 Thermaurantimonas aggregans' -> 2173829_Thermaurantimonas
NOTE: Change sequence name '754435 Aureicoccus marinus 754435 Aureicoccus marinus' -> 754435_Aureicoccus
NOTE: Change sequence name '929713 Niabella soli DSM 19437 929713 Niabella soli DSM 19437' -> 929713_Niabella
NOTE: Change sequence name '998844 Allopseudarcicella aquatilis 998844 Allopseudarcicella aquatilis' -> 998844_Allopseudarcicella
NOTE: Change sequence name '1841865 Mediterranea massiliensis 1841865 Mediterranea massiliensis' -> 1841865_Mediterranea
NOTE: Change sequence name '929703 Flectobacillus major DSM 103 929703 Flectobacillus major DSM 103' -> 929703_Flectobacillus
NOTE: Change sequence name '101383 Cryomorpha ignava 101383 Cryomorpha ignava' -> 101383_Cryomorpha
NOTE: Change sequence name '1737063 Brumimicrobium aurantiacum 1737063 Brumimicrobium aurantiacum' -> 1737063_Brumimicrobium
NOTE: Change sequence name '392009 Zeaxanthinibacter enoshimensis 392009 Zeaxanthinibacter enoshimensis' -> 392009_Zeaxanthinibacter
NOTE: Change sequence name '1118202 Cruoricaptor ignavus 1118202 Cruoricaptor ignavus' -> 1118202_Cruoricaptor
NOTE: Change sequence name '1807691 Echinicola rosea 1807691 Echinicola rosea' -> 1807691_Echinicola
NOTE: Change sequence name '926559 Joostella marina DSM 19592 926559 Joostella marina DSM 19592' -> 926559_Joostella
NOTE: Change sequence name '237258 Cloacibacterium normanense 237258 Cloacibacterium normanense' -> 237258_Cloacibacterium
NOTE: Change sequence name '1642647 Proteiniphilum saccharofermentans 1642647 Proteiniphilum saccharofermentans' -> 1642647_Proteiniphilum
NOTE: Change sequence name '118967 Anaerorhabdus furcosa 118967 Anaerorhabdus furcosa' -> 118967_Anaerorhabdus
NOTE: Change sequence name '2058175 Antarcticibacterium flavum 2058175 Antarcticibacterium flavum' -> 2058175_Antarcticibacterium
NOTE: Change sequence name '2049305 Changchengzhania lutea 2049305 Changchengzhania lutea' -> 2049305_Changchengzhania
NOTE: Change sequence name '2077091 Flavipsychrobacter stenotrophus 2077091 Flavipsychrobacter stenotrophus' -> 2077091_Flavipsychrobacter
NOTE: Change sequence name '1750599 Mongoliibacter ruber 1750599 Mongoliibacter ruber' -> 1750599_Mongoliibacter
NOTE: Change sequence name '1232681 Lunatimonas lonarensis 1232681 Lunatimonas lonarensis' -> 1232681_Lunatimonas
NOTE: Change sequence name '385682 Thermophagus xiamenensis 385682 Thermophagus xiamenensis' -> 385682_Thermophagus
NOTE: Change sequence name '2479004 Gynurincola endophyticus 2479004 Gynurincola endophyticus' -> 2479004_Gynurincola
NOTE: Change sequence name '1850348 Longibacter salinarum 1850348 Longibacter salinarum' -> 1850348_Longibacter
NOTE: Change sequence name '990 Breznakibacter xylanolyticus 990 Breznakibacter xylanolyticus' -> 990_Breznakibacter
NOTE: Change sequence name '442714 Ulvibacter antarcticus 442714 Ulvibacter antarcticus' -> 442714_Ulvibacter
NOTE: Change sequence name '927658 Alkaliflexus imshenetskii DSM 15055 927658 Alkaliflexus imshenetskii DSM 15055' -> 927658_Alkaliflexus
NOTE: Change sequence name '564064 Spirosoma rigui 564064 Spirosoma rigui' -> 564064_Spirosoma
NOTE: Change sequence name '1189612 Indibacter alkaliphilus LW1 1189612 Indibacter alkaliphilus LW1' -> 1189612_Indibacter
NOTE: Change sequence name 'MAG 42 MAG 42' -> MAG_42
NOTE: Change sequence name '1241981 Chryseobacterium lactis 1241981 Chryseobacterium lactis' -> 1241981_Chryseobacterium
NOTE: Change sequence name '1622118 Lutibacter profundi 1622118 Lutibacter profundi' -> 1622118_Lutibacter
NOTE: Change sequence name '1123037 Psychroserpens burtonensis DSM 12212 1123037 Psychroserpens burtonensis DSM 12212' -> 1123037_Psychroserpens
NOTE: Change sequence name '2126553 Gramella fulva 2126553 Gramella fulva' -> 2126553_Gramella
NOTE: Change sequence name '172045 Elizabethkingia miricola 172045 Elizabethkingia miricola' -> 172045_Elizabethkingia
NOTE: Change sequence name '2070510 Arundinibacter roseus 2070510 Arundinibacter roseus' -> 2070510_Arundinibacter
NOTE: Change sequence name '2487930 Aureibaculum marinum 2487930 Aureibaculum marinum' -> 2487930_Aureibaculum
NOTE: Change sequence name '2029983 Chitinophaga caeni 2029983 Chitinophaga caeni' -> 2029983_Chitinophaga
NOTE: Change sequence name '2315862 Paraflavitalea soli 2315862 Paraflavitalea soli' -> 2315862_Paraflavitalea
NOTE: Change sequence name '216432 Croceibacter atlanticus HTCC2559 216432 Croceibacter atlanticus HTCC2559' -> 216432_Croceibacter
NOTE: Change sequence name '496057 Arachidicoccus ginsenosidivorans 496057 Arachidicoccus ginsenosidivorans' -> 496057_Arachidicoccus
NOTE: Change sequence name '570521 Aquimarina spongiae 570521 Aquimarina spongiae' -> 570521_Aquimarina
NOTE: Change sequence name '1454006 Siansivirga zeaxanthinifaciens CC-SAMT-1 1454006 Siansivirga zeaxanthinifaciens CC-SAMT-1' -> 1454006_Siansivirga
NOTE: Change sequence name '641691 Pricia antarctica 641691 Pricia antarctica' -> 641691_Pricia
NOTE: Change sequence name '1539049 Dinghuibacter silviterrae 1539049 Dinghuibacter silviterrae' -> 1539049_Dinghuibacter
NOTE: Change sequence name '1703343 Marinirhabdus gelatinilytica 1703343 Marinirhabdus gelatinilytica' -> 1703343_Marinirhabdus
NOTE: Change sequence name '570520 Xanthomarina spongicola 570520 Xanthomarina spongicola' -> 570520_Xanthomarina
NOTE: Change sequence name '1178825 Arenitalea lutea 1178825 Arenitalea lutea' -> 1178825_Arenitalea
NOTE: Change sequence name '2585119 Alistipes dispar 2585119 Alistipes dispar' -> 2585119_Alistipes
NOTE: Change sequence name '1408433 Crocinitomix catalasitica ATCC 23190 1408433 Crocinitomix catalasitica ATCC 23190' -> 1408433_Crocinitomix
NOTE: Change sequence name '320787 Cyclobacterium amurskyense 320787 Cyclobacterium amurskyense' -> 320787_Cyclobacterium
NOTE: Change sequence name '2499629 Edaphocola flava 2499629 Edaphocola flava' -> 2499629_Edaphocola
NOTE: Change sequence name '1434701 Chishuiella changwenlii 1434701 Chishuiella changwenlii' -> 1434701_Chishuiella
NOTE: Change sequence name '2305463 Maribellus luteus 2305463 Maribellus luteus' -> 2305463_Maribellus
NOTE: Change sequence name '504487 Jejuia pallidilutea 504487 Jejuia pallidilutea' -> 504487_Jejuia
NOTE: Change sequence name '1227945 Robertkochia marina 1227945 Robertkochia marina' -> 1227945_Robertkochia
NOTE: Change sequence name '1850246 Urechidicola croceus 1850246 Urechidicola croceus' -> 1850246_Urechidicola
NOTE: Change sequence name '1813871 Panacibacter ginsenosidivorans 1813871 Panacibacter ginsenosidivorans' -> 1813871_Panacibacter
NOTE: Change sequence name '242600 Ichthyobacterium seriolicida 242600 Ichthyobacterium seriolicida' -> 242600_Ichthyobacterium
NOTE: Change sequence name '1812012 Oceanihabitans sediminis 1812012 Oceanihabitans sediminis' -> 1812012_Oceanihabitans
NOTE: Change sequence name '563176 Siphonobacter aquaeclarae 563176 Siphonobacter aquaeclarae' -> 563176_Siphonobacter
NOTE: Change sequence name '1121902 Eisenibacter elegans DSM 3317 1121902 Eisenibacter elegans DSM 3317' -> 1121902_Eisenibacter
NOTE: Change sequence name '270921 Gillisia mitskevichiae 270921 Gillisia mitskevichiae' -> 270921_Gillisia
NOTE: Change sequence name '573501 Leeuwenhoekiella palythoae 573501 Leeuwenhoekiella palythoae' -> 573501_Leeuwenhoekiella
NOTE: Change sequence name '865938 Weeksella virosa DSM 16922 865938 Weeksella virosa DSM 16922' -> 865938_Weeksella
NOTE: Change sequence name '1383885 Flagellimonas maritima 1383885 Flagellimonas maritima' -> 1383885_Flagellimonas
NOTE: Change sequence name '1075417 Catalinimonas alkaloidigena 1075417 Catalinimonas alkaloidigena' -> 1075417_Catalinimonas
NOTE: Change sequence name '2518971 Duncaniella dubosii 2518971 Duncaniella dubosii' -> 2518971_Duncaniella
NOTE: Change sequence name '879969 Macellibacteroides fermentans 879969 Macellibacteroides fermentans' -> 879969_Macellibacteroides
NOTE: Change sequence name '1736674 Algibacter alginicilyticus 1736674 Algibacter alginicilyticus' -> 1736674_Algibacter
NOTE: Change sequence name '1433126 Mucinivorans hirudinis 1433126 Mucinivorans hirudinis' -> 1433126_Mucinivorans
NOTE: Change sequence name '1123356 Terrimonas ferruginea DSM 30193 1123356 Terrimonas ferruginea DSM 30193' -> 1123356_Terrimonas
NOTE: Change sequence name '1189621 Nitritalea halalkaliphila LW7 1189621 Nitritalea halalkaliphila LW7' -> 1189621_Nitritalea
NOTE: Change sequence name 'MAG 2 MAG 2' -> MAG_2
NOTE: Change sequence name '1080224 Hyunsoonleella pacifica 1080224 Hyunsoonleella pacifica' -> 1080224_Hyunsoonleella
NOTE: Change sequence name '929556 Solitalea canadensis DSM 3403 929556 Solitalea canadensis DSM 3403' -> 929556_Solitalea
NOTE: Change sequence name '1166018 Fibrella aestuarina BUZ 2 1166018 Fibrella aestuarina BUZ 2' -> 1166018_Fibrella
NOTE: Change sequence name '1079859 Pseudarcicella hirudinis 1079859 Pseudarcicella hirudinis' -> 1079859_Pseudarcicella
NOTE: Change sequence name '1852370 Prevotellamassilia timonensis 1852370 Prevotellamassilia timonensis' -> 1852370_Prevotellamassilia
NOTE: Change sequence name '591202 Arcicella aurantiaca 591202 Arcicella aurantiaca' -> 591202_Arcicella
NOTE: Change sequence name '1117708 Marinifilum flexuosum 1117708 Marinifilum flexuosum' -> 1117708_Marinifilum
NOTE: Change sequence name '269798 Cytophaga hutchinsonii ATCC 33406 269798 Cytophaga hutchinsonii ATCC 33406' -> 269798_Cytophaga
NOTE: Change sequence name '2482724 Chryseotalea sanaruensis 2482724 Chryseotalea sanaruensis' -> 2482724_Chryseotalea
NOTE: Change sequence name '430522 Pedobacter steynii 430522 Pedobacter steynii' -> 430522_Pedobacter
NOTE: Change sequence name '571115 Meridianimaribacter flavus 571115 Meridianimaribacter flavus' -> 571115_Meridianimaribacter
NOTE: Change sequence name '880074 Barnesiella viscericola DSM 18177 880074 Barnesiella viscericola DSM 18177' -> 880074_Barnesiella
NOTE: Change sequence name '1300341 Croceitalea dokdonensis DOKDO 023 1300341 Croceitalea dokdonensis DOKDO 023' -> 1300341_Croceitalea
NOTE: Change sequence name '1168035 Tangfeifania diversioriginum 1168035 Tangfeifania diversioriginum' -> 1168035_Tangfeifania
NOTE: Change sequence name '886379 Anaerophaga thermohalophila DSM 12881 886379 Anaerophaga thermohalophila DSM 12881' -> 886379_Anaerophaga
NOTE: Change sequence name '1168039 Saccharicrinis carchari 1168039 Saccharicrinis carchari' -> 1168039_Saccharicrinis
NOTE: Change sequence name '1089547 Rudanella lutea DSM 19387 1089547 Rudanella lutea DSM 19387' -> 1089547_Rudanella
NOTE: Change sequence name '192903 Pseudozobellia thermophila 192903 Pseudozobellia thermophila' -> 192903_Pseudozobellia
NOTE: Change sequence name '1848904 Capnocytophaga stomatis 1848904 Capnocytophaga stomatis' -> 1848904_Capnocytophaga
NOTE: Change sequence name '1121909 Gaetbulibacter saemankumensis DSM 17032 1121909 Gaetbulibacter saemankumensis DSM 17032' -> 1121909_Gaetbulibacter
NOTE: Change sequence name '1564516 Phaeodactylibacter luteus 1564516 Phaeodactylibacter luteus' -> 1564516_Phaeodactylibacter
NOTE: Change sequence name '584609 Tenacibaculum jejuense 584609 Tenacibaculum jejuense' -> 584609_Tenacibaculum
NOTE: Change sequence name '1168034 Draconibacterium orientale 1168034 Draconibacterium orientale' -> 1168034_Draconibacterium
NOTE: Change sequence name '471854 Dyadobacter fermentans DSM 18053 471854 Dyadobacter fermentans DSM 18053' -> 471854_Dyadobacter
NOTE: Change sequence name '1678841 Lentimicrobium saccharophilum 1678841 Lentimicrobium saccharophilum' -> 1678841_Lentimicrobium
NOTE: Change sequence name '1401325 Ornithobacterium rhinotracheale ORT-UMN 88 1401325 Ornithobacterium rhinotracheale ORT-UMN 88' -> 1401325_Ornithobacterium
NOTE: Change sequence name '1349822 Coprobacter fastidiosus NSB1 1349822 Coprobacter fastidiosus NSB1' -> 1349822_Coprobacter
NOTE: Change sequence name '1349421 Flavihumibacter solisilvae 1349421 Flavihumibacter solisilvae' -> 1349421_Flavihumibacter
NOTE: Change sequence name 'MAG 56 MAG 56' -> MAG_56
NOTE: Change sequence name '1751427 Solirubrum puertoriconensis 1751427 Solirubrum puertoriconensis' -> 1751427_Solirubrum
NOTE: Change sequence name '1294296 Luteibaculum oceani 1294296 Luteibaculum oceani' -> 1294296_Luteibaculum
NOTE: Change sequence name '1004304 Hydrotalea sandarakina 1004304 Hydrotalea sandarakina' -> 1004304_Hydrotalea
NOTE: Change sequence name '1790137 Wenyingzhuangia fucanilytica 1790137 Wenyingzhuangia fucanilytica' -> 1790137_Wenyingzhuangia
NOTE: Change sequence name '655815 Zunongwangia profunda SM-A87 655815 Zunongwangia profunda SM-A87' -> 655815_Zunongwangia
NOTE: Change sequence name '1492898 Flavisolibacter tropicus 1492898 Flavisolibacter tropicus' -> 1492898_Flavisolibacter
NOTE: Change sequence name '63186 Zobellia galactanivorans 63186 Zobellia galactanivorans' -> 63186_Zobellia
NOTE: Change sequence name '1122208 Marinoscillum furvescens DSM 4134 1122208 Marinoscillum furvescens DSM 4134' -> 1122208_Marinoscillum
NOTE: Change sequence name '649333 Bizionia echini 649333 Bizionia echini' -> 649333_Bizionia
NOTE: Change sequence name '1649169 Taibaiella soli 1649169 Taibaiella soli' -> 1649169_Taibaiella
NOTE: Change sequence name '447679 Ekhidna lutea 447679 Ekhidna lutea' -> 447679_Ekhidna
NOTE: Change sequence name '1485585 Cecembia rubra 1485585 Cecembia rubra' -> 1485585_Cecembia
NOTE: Change sequence name '679199 Alloprevotella rava F0323 679199 Alloprevotella rava F0323' -> 679199_Alloprevotella
NOTE: Change sequence name '946077 Imtechella halotolerans K1 946077 Imtechella halotolerans K1' -> 946077_Imtechella
NOTE: Change sequence name '1796646 Muribaculum intestinale 1796646 Muribaculum intestinale' -> 1796646_Muribaculum
NOTE: Change sequence name '1537566 Balneicella halophila 1537566 Balneicella halophila' -> 1537566_Balneicella
NOTE: Change sequence name '866536 Belliella baltica DSM 15883 866536 Belliella baltica DSM 15883' -> 866536_Belliella
NOTE: Change sequence name '742817 Odoribacter laneus YIT 12061 742817 Odoribacter laneus YIT 12061' -> 742817_Odoribacter
NOTE: Change sequence name '1003 Thermoflexibacter ruber 1003 Thermoflexibacter ruber' -> 1003_Thermoflexibacter
NOTE: Change sequence name '1605892 Dysgonomonas alginatilytica 1605892 Dysgonomonas alginatilytica' -> 1605892_Dysgonomonas
NOTE: Change sequence name '28195 Thermonema lapsum 28195 Thermonema lapsum' -> 28195_Thermonema
NOTE: Change sequence name '572036 Daejeonella lutea 572036 Daejeonella lutea' -> 572036_Daejeonella
NOTE: Change sequence name '889453 Alkalitalea saponilacus 889453 Alkalitalea saponilacus' -> 889453_Alkalitalea
NOTE: Change sequence name '1307839 Salinivirga cyanobacteriivorans 1307839 Salinivirga cyanobacteriivorans' -> 1307839_Salinivirga
NOTE: Change sequence name '387659 Marixanthomonas ophiurae 387659 Marixanthomonas ophiurae' -> 387659_Marixanthomonas
NOTE: Change sequence name '1300343 Dokdonia donghaensis DSW-1 1300343 Dokdonia donghaensis DSW-1' -> 1300343_Dokdonia
NOTE: Change sequence name '518766 Rhodothermus marinus DSM 4252 518766 Rhodothermus marinus DSM 4252' -> 518766_Rhodothermus
NOTE: Change sequence name '692418 Reichenbachiella faecimaris 692418 Reichenbachiella faecimaris' -> 692418_Reichenbachiella
NOTE: Change sequence name '1819566 Fulvivirga lutimaris 1819566 Fulvivirga lutimaris' -> 1819566_Fulvivirga
NOTE: Change sequence name '1469170 Longimonas halophila 1469170 Longimonas halophila' -> 1469170_Longimonas
NOTE: Change sequence name '2494697 Mangrovimonas spongiae 2494697 Mangrovimonas spongiae' -> 2494697_Mangrovimonas
NOTE: Change sequence name '746697 Aequorivita sublithincola DSM 14238 746697 Aequorivita sublithincola DSM 14238' -> 746697_Aequorivita
NOTE: Change sequence name '1642646 Petrimonas mucosa 1642646 Petrimonas mucosa' -> 1642646_Petrimonas
NOTE: Change sequence name '979970 Acetobacteroides hydrogenigenes 979970 Acetobacteroides hydrogenigenes' -> 979970_Acetobacteroides
NOTE: Change sequence name '262006 Winogradskyella eximia 262006 Winogradskyella eximia' -> 262006_Winogradskyella
NOTE: Change sequence name '1224947 Pustulibacterium marinum 1224947 Pustulibacterium marinum' -> 1224947_Pustulibacterium
NOTE: Change sequence name '313606 Microscilla marina ATCC 23134 313606 Microscilla marina ATCC 23134' -> 313606_Microscilla
NOTE: Change sequence name '1541063 Prolixibacter denitrificans 1541063 Prolixibacter denitrificans' -> 1541063_Prolixibacter
NOTE: Change sequence name '1486034 Lacinutrix venerupis 1486034 Lacinutrix venerupis' -> 1486034_Lacinutrix
NOTE: Change sequence name '1673718 Massilibacteroides vaginae 1673718 Massilibacteroides vaginae' -> 1673718_Massilibacteroides
NOTE: Change sequence name '2494373 Flammeovirga pectinis 2494373 Flammeovirga pectinis' -> 2494373_Flammeovirga
NOTE: Change sequence name '319238 Sediminicola luteus 319238 Sediminicola luteus' -> 319238_Sediminicola
NOTE: Change sequence name '392412 Nubsella zeaxanthinifaciens 392412 Nubsella zeaxanthinifaciens' -> 392412_Nubsella
NOTE: Change sequence name '926565 Sporocytophaga myxococcoides DSM 11118 926565 Sporocytophaga myxococcoides DSM 11118' -> 926565_Sporocytophaga
NOTE: Change sequence name '1393122 Thermoflavifilum thermophilum 1393122 Thermoflavifilum thermophilum' -> 1393122_Thermoflavifilum
NOTE: Change sequence name '379075 Sediminitomix flava 379075 Sediminitomix flava' -> 379075_Sediminitomix
NOTE: Change sequence name 'MAG 39 MAG 39' -> MAG_39
NOTE: Change sequence name '1803916 Salibacter halophilus 1803916 Salibacter halophilus' -> 1803916_Salibacter
NOTE: Change sequence name '1121904 Flexithrix dorotheae DSM 6795 1121904 Flexithrix dorotheae DSM 6795' -> 1121904_Flexithrix
NOTE: Change sequence name '639310 Olleya aquimaris 639310 Olleya aquimaris' -> 639310_Olleya
NOTE: Change sequence name '1239962 Mariniradius saccharolyticus AK6 1239962 Mariniradius saccharolyticus AK6' -> 1239962_Mariniradius
NOTE: Change sequence name '2419782 Ulvibacterium marinum 2419782 Ulvibacterium marinum' -> 2419782_Ulvibacterium
NOTE: Change sequence name '49280 Gelidibacter algens 49280 Gelidibacter algens' -> 49280_Gelidibacter
NOTE: Change sequence name '1348584 Cellulophaga baltica 18 1348584 Cellulophaga baltica 18' -> 1348584_Cellulophaga
NOTE: Change sequence name '623280 Parapedobacter luteus 623280 Parapedobacter luteus' -> 623280_Parapedobacter
NOTE: Change sequence name '164516 Blattabacterium clevelandi 164516 Blattabacterium clevelandi' -> 164516_Blattabacterium
NOTE: Change sequence name '2042995 Pseudobizionia ponticola 2042995 Pseudobizionia ponticola' -> 2042995_Pseudobizionia
NOTE: Change sequence name '555500 Galbibacter marinus 555500 Galbibacter marinus' -> 555500_Galbibacter
NOTE: Change sequence name '558152 Chryseobacterium piperi 558152 Chryseobacterium piperi' -> 558152_Chryseobacterium
NOTE: Change sequence name '1121903 Hugenholtzia roseola DSM 9546 1121903 Hugenholtzia roseola DSM 9546' -> 1121903_Hugenholtzia
NOTE: Change sequence name '264023 Mariniflexile fucanivorans 264023 Mariniflexile fucanivorans' -> 264023_Mariniflexile
NOTE: Change sequence name '279360 Roseivirga ehrenbergii 279360 Roseivirga ehrenbergii' -> 279360_Roseivirga
NOTE: Change sequence name '516051 Muricauda lutaonensis 516051 Muricauda lutaonensis' -> 516051_Muricauda
NOTE: Change sequence name '343403 Costertonia aggregata 343403 Costertonia aggregata' -> 343403_Costertonia
NOTE: Change sequence name '1520893 Mesoflavibacter sabulilitoris 1520893 Mesoflavibacter sabulilitoris' -> 1520893_Mesoflavibacter
NOTE: Change sequence name '2016530 Raineya orbicola 2016530 Raineya orbicola' -> 2016530_Raineya
NOTE: Change sequence name '1929488 Croceivirga radicis 1929488 Croceivirga radicis' -> 1929488_Croceivirga
NOTE: Change sequence name '1223410 Altibacter lentus 1223410 Altibacter lentus' -> 1223410_Altibacter
NOTE: Change sequence name '1266046 Aurantibacter aestuarii 1266046 Aurantibacter aestuarii' -> 1266046_Aurantibacter
NOTE: Change sequence name '1089550 Salisaeta longa DSM 21114 1089550 Salisaeta longa DSM 21114' -> 1089550_Salisaeta
NOTE: Change sequence name '1230530 Ichthyenterobacterium magnum 1230530 Ichthyenterobacterium magnum' -> 1230530_Ichthyenterobacterium
NOTE: Change sequence name 'MAG 11 MAG 11' -> MAG_11
NOTE: Change sequence name '143223 Salegentibacter salegens 143223 Salegentibacter salegens' -> 143223_Salegentibacter
NOTE: Change sequence name '1978412 Sediminibacterium roseum 1978412 Sediminibacterium roseum' -> 1978412_Sediminibacterium
NOTE: Change sequence name 'MAG 1 MAG 1' -> MAG_1
NOTE: Change sequence name '2094151 Paramuribaculum intestinale 2094151 Paramuribaculum intestinale' -> 2094151_Paramuribaculum
NOTE: Change sequence name '1547597 Sanguibacteroides justesenii 1547597 Sanguibacteroides justesenii' -> 1547597_Sanguibacteroides
NOTE: Change sequence name '1774273 Polaribacter vadi 1774273 Polaribacter vadi' -> 1774273_Polaribacter
NOTE: Change sequence name '661488 Pseudobacter ginsenosidimutans 661488 Pseudobacter ginsenosidimutans' -> 661488_Pseudobacter
NOTE: Change sequence name '684065 Algoriella xinjiangensis 684065 Algoriella xinjiangensis' -> 684065_Algoriella
NOTE: Change sequence name '1123248 Segetibacter koreensis DSM 18137 1123248 Segetibacter koreensis DSM 18137' -> 1123248_Segetibacter
NOTE: Change sequence name '911197 Phaeocystidibacter luteus 911197 Phaeocystidibacter luteus' -> 911197_Phaeocystidibacter
NOTE: Change sequence name '1871023 Millionella massiliensis 1871023 Millionella massiliensis' -> 1871023_Millionella
NOTE: Change sequence name '619805 Soonwooa buanensis 619805 Soonwooa buanensis' -> 619805_Soonwooa
NOTE: Change sequence name '1586267 Apibacter mensalis 1586267 Apibacter mensalis' -> 1586267_Apibacter
Alignment most likely contains protein sequences
Alignment has 303 sequences with 6382 columns, 5540 distinct patterns
4114 parsimony-informative, 793 singleton sites, 1475 constant sites
                               Gap/Ambiguity  Composition  p-value
   1  643867_Marivirga                28.83%    passed     92.22%
   2  880071_Bernardetia              27.19%    passed     49.85%
   3  512763_Rufibacter               28.71%    passed     74.64%
   4  1884793_Pseudoflavitalea        27.78%    passed     67.48%
   5  1124780_Nafulsella              29.07%    passed    100.00%
   6  1784714_Arcticibacterium        25.82%    passed     99.63%
   7  523696_Saonia                   27.66%    passed     97.13%
   8  319236_Nonlabens                29.58%    passed     91.48%
   9  762903_Pseudopedobacter         28.58%    passed     92.50%
  10  616991_Arenibacter              27.83%    passed     99.93%
  11  755732_Fluviicola               29.10%    passed     91.97%
  12  761193_Runella                  27.86%    passed     88.80%
  13  1717717_Labilibaculum           28.50%    passed     66.97%
  14  MAG_14                          31.86%    failed      1.33%
  15  1227077_Siccationidurans        27.06%    failed      2.73%
  16  496056_Anseongella              28.83%    passed     81.91%
  17  1123057_Rhodonellum             28.75%    passed     90.49%
  18  1302690_Cnuella                 27.50%    failed      4.74%
  19  MAG_55                          37.73%    passed     61.01%
  20  1842495_Pelobium                28.39%    passed     97.34%
  21  1912246_Seonamhaeicola          31.48%    passed     99.82%
  22  MAG_3                           31.76%    passed     51.94%
  23  2027860_Mucilaginibacter        27.69%    passed     51.31%
  24  510947_Lacibacter               28.24%    passed     80.01%
  25  2175091_Flavobacterium          28.71%    passed     98.81%
  26  2516559_Aquirufa                28.41%    passed     63.07%
  27  655355_Sunxiuqinia              28.89%    passed     94.38%
  28  213248_Mesonia                  28.63%    passed     97.50%
  29  536441_Chryseobacterium         28.71%    passed     96.14%
  30  2321403_Chryseolinea            27.94%    passed     92.39%
  31  477690_Lishizhenia              29.24%    passed     99.99%
  32  1926625_Vicingus                29.18%    passed     98.17%
  33  2305895_Fibrisoma               27.06%    failed      2.34%
  34  823_Parabacteroides             28.58%    passed     99.61%
  35  504488_Muriicola                27.41%    passed     98.22%
  36  984262_Saprospira               25.29%    failed      3.88%
  37  1770527_Larkinella              27.58%    passed     57.08%
  38  357276_Phocaeicola              28.42%    passed     64.43%
  39  1122177_Flavilitoribacter       28.71%    passed     12.64%
  40  1380600_Flaviramulus            29.03%    passed     99.62%
  41  400092_Pontibacter              28.99%    passed     99.86%
  42  1639118_Mangrovibacterium       28.74%    passed     99.27%
  43  2093856_Butyricimonas           28.91%    passed     34.60%
  44  2528631_Puteibacter             28.93%    passed     99.05%
  45  2502781_Hymenobacter            27.72%    passed     60.35%
  46  762982_Paraprevotella           28.77%    passed     24.78%
  47  1218801_Kordia                  28.36%    passed     99.89%
  48  797291_Sphingobacterium         28.33%    passed     73.81%
  49  2479858_Amniculibacterium       28.82%    passed     98.72%
  50  MAG_4                           31.84%    passed     89.36%
  51  192904_Kriegella                27.22%    passed     97.95%
  52  1286632_Zhouia                  29.22%    passed     92.78%
  53  653929_Albibacterium            27.92%    passed     89.35%
  54  1640674_Williamwhitmania        28.13%    passed     59.64%
  55  393921_Porphyromonas            28.25%    failed      4.81%
  56  MAG_46                          32.26%    failed      2.54%
  57  393006_Tamlana                  29.36%    passed     99.76%
  58  1048983_Anditalea               28.71%    passed     96.28%
  59  313595_Psychroflexus            28.46%    passed     48.52%
  60  2268757_Paracnuella             27.51%    passed     14.38%
  61  1750698_Arsenicibacter          27.48%    failed      3.32%
  62  926549_Adhaeribacter            28.24%    passed     91.13%
  63  694427_Paludibacter             28.60%    passed     95.78%
  64  702745_Myroides                 29.63%    passed     67.67%
  65  1434752_Arcticibacter           27.44%    passed     77.95%
  66  MAG_45                          38.75%    passed      5.46%
  67  2575867_Ilyomonas               27.37%    failed      4.80%
  68  1481457_Spongiivirga            28.55%    passed     95.28%
  69  266749_Chryseobacterium         28.22%    passed     96.49%
  70  2171629_Botryobacter            28.83%    passed     96.92%
  71  28112_Tannerella                28.14%    passed     96.08%
  72  926562_Owenweeksia              28.82%    passed     92.77%
  73  758820_Aquiflexum               28.91%    passed     93.19%
  74  247_Empedobacter                29.25%    passed     75.64%
  75  760192_Haliscomenobacter        27.61%    passed     27.38%
  76  1042376_Ochrovirga              29.47%    passed     91.13%
  77  390640_Salinimicrobium          28.61%    passed     99.48%
  78  682526_Natronoflexus            28.75%    passed     58.67%
  79  1763537_Cochleicola             28.22%    passed     98.36%
  80  1727163_Algoriphagus            28.96%    passed     99.42%
  81  1150368_Sinomicrobium           29.08%    passed     97.92%
  82  493375_Chryseobacterium         29.16%    passed     92.36%
  83  1639035_Ancylomarina            29.11%    passed     89.68%
  84  2291815_Deminuibacter           27.98%    passed     27.82%
  85  884107_Schleiferia              28.82%    passed     34.16%
  86  989_Marinilabilia               28.91%    passed     98.32%
  87  472055_Leptobacterium           28.83%    passed     99.86%
  88  1796613_Bacteroides             28.41%    passed     80.73%
  89  MAG_5                           31.71%    passed     96.64%
  90  649349_Leadbetterella           28.08%    passed     99.72%
  91  313596_Robiginitalea            26.68%    passed     87.04%
  92  1445657_Hanstruepera            29.30%    passed     99.88%
  93  1761453_Euzebyella              27.72%    passed     98.80%
  94  1816680_Vaginella               28.97%    passed     94.84%
  95  1605367_Jiulongibacter          30.85%    passed     95.15%
  96  1965019_Geofilum                28.56%    passed     96.68%
  97  1465490_Parafilimonas           27.81%    passed     76.53%
  98  MAG_6                           31.73%    passed     93.67%
  99  1803846_Flavivirga              29.25%    passed     99.98%
 100  442734_Lewinella                26.98%    failed      0.10%
 101  880526_Rikenella                27.83%    passed     15.97%
 102  927664_Flexibacter              28.20%    passed     77.64%
 103  1121875_Eudoraea                27.23%    passed     99.93%
 104  1178778_Maribacter              27.31%    passed     93.22%
 105  2594004_Formosa                 29.27%    passed     97.93%
 106  2585141_Flavicella              29.38%    passed     92.92%
 107  1585976_Bergeyella              29.02%    passed     99.88%
 108  693978_Riemerella               29.55%    passed     99.40%
 109  1841857_Culturomica             28.85%    passed     53.76%
 110  700598_Niastella                27.48%    passed     28.17%
 111  1627894_Lascolabacillus         28.28%    passed     99.48%
 112  1484053_Mariniphaga             28.47%    passed     46.05%
 113  291179_Subsaximicrobium         27.88%    passed     99.45%
 114  688867_Ohtaekwangia             27.91%    passed     97.02%
 115  985016_Olivibacter              27.97%    passed     79.30%
 116  1909700_Confluentibacter        28.93%    passed     99.93%
 117  2173829_Thermaurantimonas       28.77%    failed      4.00%
 118  754435_Aureicoccus              27.67%    passed     92.04%
 119  929713_Niabella                 27.28%    passed     57.39%
 120  998844_Allopseudarcicella       28.35%    passed     93.54%
 121  1841865_Mediterranea            28.41%    passed     35.13%
 122  929703_Flectobacillus           28.22%    passed     91.62%
 123  101383_Cryomorpha               29.13%    passed     92.69%
 124  1737063_Brumimicrobium          29.13%    passed     70.95%
 125  392009_Zeaxanthinibacter        27.30%    passed     98.79%
 126  1118202_Cruoricaptor            29.13%    passed     99.99%
 127  1807691_Echinicola              29.14%    passed     96.48%
 128  926559_Joostella                29.10%    passed     99.81%
 129  237258_Cloacibacterium          28.83%    passed     92.23%
 130  1642647_Proteiniphilum          28.30%    passed     99.77%
 131  118967_Anaerorhabdus            27.20%    failed      0.00%
 132  2058175_Antarcticibacterium     28.49%    passed     99.50%
 133  2049305_Changchengzhania        33.23%    passed     99.77%
 134  2077091_Flavipsychrobacter      26.70%    passed      6.86%
 135  1750599_Mongoliibacter          28.88%    passed     98.95%
 136  1232681_Lunatimonas             28.66%    passed     92.30%
 137  385682_Thermophagus             28.58%    passed     50.04%
 138  2479004_Gynurincola             28.09%    passed     39.89%
 139  1850348_Longibacter             27.15%    failed      0.00%
 140  990_Breznakibacter              28.71%    passed     95.93%
 141  442714_Ulvibacter               28.47%    passed     99.99%
 142  927658_Alkaliflexus             28.49%    passed     99.01%
 143  564064_Spirosoma                26.64%    failed      3.01%
 144  1189612_Indibacter              28.88%    passed     88.23%
 145  MAG_42                          37.01%    passed     98.78%
 146  1241981_Chryseobacterium        28.63%    passed     98.99%
 147  1622118_Lutibacter              29.50%    passed     96.14%
 148  1123037_Psychroserpens          28.49%    passed     99.86%
 149  2126553_Gramella                28.49%    passed     95.63%
 150  172045_Elizabethkingia          28.77%    passed     97.94%
 151  2070510_Arundinibacter          28.19%    passed     99.41%
 152  2487930_Aureibaculum            29.27%    passed     78.60%
 153  2029983_Chitinophaga            27.84%    passed     96.25%
 154  2315862_Paraflavitalea          27.55%    passed     48.39%
 155  216432_Croceibacter             28.99%    passed     99.35%
 156  496057_Arachidicoccus           44.11%    passed     35.52%
 157  570521_Aquimarina               29.07%    passed     99.97%
 158  1454006_Siansivirga             29.25%    passed     99.96%
 159  641691_Pricia                   26.37%    passed     85.97%
 160  1539049_Dinghuibacter           26.98%    passed      6.78%
 161  1703343_Marinirhabdus           28.91%    passed     98.96%
 162  570520_Xanthomarina             29.25%    passed     99.94%
 163  1178825_Arenitalea              29.24%    passed     99.96%
 164  2585119_Alistipes               27.72%    failed      1.00%
 165  1408433_Crocinitomix            29.08%    passed     73.72%
 166  320787_Cyclobacterium           28.86%    passed     53.01%
 167  2499629_Edaphocola              27.81%    passed     65.19%
 168  1434701_Chishuiella             29.24%    passed     86.99%
 169  2305463_Maribellus              28.71%    passed     95.14%
 170  504487_Jejuia                   29.33%    passed     99.95%
 171  1227945_Robertkochia            29.14%    passed     97.46%
 172  1850246_Urechidicola            29.61%    passed     99.62%
 173  1813871_Panacibacter            27.66%    passed     73.20%
 174  242600_Ichthyobacterium         28.74%    failed      0.00%
 175  1812012_Oceanihabitans          29.35%    passed     98.57%
 176  563176_Siphonobacter            28.08%    passed     74.51%
 177  1121902_Eisenibacter            27.77%    passed     61.99%
 178  270921_Gillisia                 28.56%    passed     98.98%
 179  573501_Leeuwenhoekiella         29.05%    passed     97.31%
 180  865938_Weeksella                29.16%    passed     97.48%
 181  1383885_Flagellimonas           27.09%    passed     96.99%
 182  1075417_Catalinimonas           27.72%    passed     76.24%
 183  2518971_Duncaniella             34.49%    passed     26.28%
 184  879969_Macellibacteroides       28.52%    passed     99.96%
 185  1736674_Algibacter              29.30%    passed     99.83%
 186  1433126_Mucinivorans            28.11%    passed     38.22%
 187  1123356_Terrimonas              27.28%    passed     68.97%
 188  1189621_Nitritalea              34.41%    passed     99.49%
 189  MAG_2                           31.70%    passed     98.05%
 190  1080224_Hyunsoonleella          29.33%    passed     99.17%
 191  929556_Solitalea                28.60%    passed     99.52%
 192  1166018_Fibrella                26.98%    failed      0.83%
 193  1079859_Pseudarcicella          28.35%    passed     94.54%
 194  1852370_Prevotellamassilia      28.75%    passed      8.41%
 195  591202_Arcicella                28.19%    passed     90.13%
 196  1117708_Marinifilum             29.10%    passed     77.42%
 197  269798_Cytophaga                28.03%    passed     24.76%
 198  2482724_Chryseotalea            28.13%    passed     94.09%
 199  430522_Pedobacter               27.98%    passed     83.36%
 200  571115_Meridianimaribacter      29.32%    passed     99.89%
 201  880074_Barnesiella              28.72%    passed     74.28%
 202  1300341_Croceitalea             27.72%    passed     99.57%
 203  1168035_Tangfeifania            28.77%    passed     38.22%
 204  886379_Anaerophaga              28.46%    passed     86.94%
 205  1168039_Saccharicrinis          28.27%    passed     98.82%
 206  1089547_Rudanella               27.36%    failed      2.58%
 207  192903_Pseudozobellia           27.44%    passed     97.03%
 208  1848904_Capnocytophaga          29.16%    passed     83.48%
 209  1121909_Gaetbulibacter          29.27%    passed     99.87%
 210  1564516_Phaeodactylibacter      28.58%    passed     16.33%
 211  584609_Tenacibaculum            29.46%    passed     99.77%
 212  1168034_Draconibacterium        29.00%    passed     76.47%
 213  471854_Dyadobacter              28.35%    passed     83.60%
 214  1678841_Lentimicrobium          27.91%    passed     78.09%
 215  1401325_Ornithobacterium        29.07%    passed     53.54%
 216  1349822_Coprobacter             28.78%    passed     92.68%
 217  1349421_Flavihumibacter         28.02%    passed     81.59%
 218  MAG_56                          41.65%    passed     37.54%
 219  1751427_Solirubrum              27.75%    passed     10.31%
 220  1294296_Luteibaculum            29.07%    passed     85.49%
 221  1004304_Hydrotalea              28.19%    failed      4.45%
 222  1790137_Wenyingzhuangia         29.43%    passed     76.38%
 223  655815_Zunongwangia             28.67%    passed     98.16%
 224  1492898_Flavisolibacter         27.48%    passed     41.83%
 225  63186_Zobellia                  27.67%    passed     98.98%
 226  1122208_Marinoscillum           28.74%    passed     99.21%
 227  649333_Bizionia                 29.30%    passed     99.68%
 228  1649169_Taibaiella              27.41%    passed     55.57%
 229  447679_Ekhidna                  28.75%    passed     99.13%
 230  1485585_Cecembia                28.82%    passed     92.44%
 231  679199_Alloprevotella           28.71%    passed     35.10%
 232  946077_Imtechella               29.18%    passed     90.02%
 233  1796646_Muribaculum             28.39%    passed     76.86%
 234  1537566_Balneicella             29.14%    passed     92.04%
 235  866536_Belliella                28.93%    passed     99.54%
 236  742817_Odoribacter              28.82%    passed     61.01%
 237  1003_Thermoflexibacter          28.11%    passed     96.44%
 238  1605892_Dysgonomonas            28.50%    passed     89.37%
 239  28195_Thermonema                28.56%    failed      0.01%
 240  572036_Daejeonella              27.72%    passed     57.25%
 241  889453_Alkalitalea              28.75%    passed     61.54%
 242  1307839_Salinivirga             28.64%    passed     42.23%
 243  387659_Marixanthomonas          28.27%    passed     95.92%
 244  1300343_Dokdonia                29.14%    passed     99.85%
 245  518766_Rhodothermus             27.45%    failed      0.00%
 246  692418_Reichenbachiella         29.35%    passed     94.45%
 247  1819566_Fulvivirga              29.13%    passed     99.45%
 248  1469170_Longimonas              26.70%    failed      0.00%
 249  2494697_Mangrovimonas           29.38%    passed     99.90%
 250  746697_Aequorivita              28.46%    passed     99.97%
 251  1642646_Petrimonas              27.86%    passed     85.25%
 252  979970_Acetobacteroides         28.47%    passed     95.64%
 253  262006_Winogradskyella          29.32%    passed     99.36%
 254  1224947_Pustulibacterium        29.35%    passed     96.29%
 255  313606_Microscilla              26.87%    passed     44.17%
 256  1541063_Prolixibacter           28.44%    passed     98.04%
 257  1486034_Lacinutrix              29.30%    passed     99.93%
 258  1673718_Massilibacteroides      28.61%    passed     83.62%
 259  2494373_Flammeovirga            28.08%    passed     87.88%
 260  319238_Sediminicola             27.97%    passed     98.17%
 261  392412_Nubsella                 28.33%    passed     75.50%
 262  926565_Sporocytophaga           27.88%    passed      5.90%
 263  1393122_Thermoflavifilum        27.91%    failed      0.00%
 264  379075_Sediminitomix            28.16%    passed     48.40%
 265  MAG_39                          31.79%    passed     97.82%
 266  1803916_Salibacter              29.24%    passed     19.65%
 267  1121904_Flexithrix              27.84%    failed      1.89%
 268  639310_Olleya                   29.32%    passed     99.56%
 269  1239962_Mariniradius            28.72%    passed     93.63%
 270  2419782_Ulvibacterium           27.11%    passed     98.68%
 271  49280_Gelidibacter              28.82%    passed     99.19%
 272  1348584_Cellulophaga            27.81%    passed     99.93%
 273  623280_Parapedobacter           27.45%    passed     94.51%
 274  164516_Blattabacterium          29.76%    failed      0.00%
 275  2042995_Pseudobizionia          29.30%    passed     99.94%
 276  555500_Galbibacter              29.16%    passed     93.41%
 277  558152_Chryseobacterium         28.64%    passed     97.47%
 278  1121903_Hugenholtzia            27.33%    passed      9.81%
 279  264023_Mariniflexile            28.99%    passed     99.92%
 280  279360_Roseivirga               28.97%    passed     95.27%
 281  516051_Muricauda                27.08%    passed     80.38%
 282  343403_Costertonia              27.28%    passed     95.54%
 283  1520893_Mesoflavibacter         29.30%    passed     99.97%
 284  2016530_Raineya                 28.85%    passed     23.20%
 285  1929488_Croceivirga             29.13%    passed     99.85%
 286  1223410_Altibacter              29.08%    passed     99.95%
 287  1266046_Aurantibacter           29.33%    passed     94.98%
 288  1089550_Salisaeta               28.31%    failed      0.00%
 289  1230530_Ichthyenterobacterium   29.27%    passed     99.96%
 290  MAG_11                          32.12%    failed      0.21%
 291  143223_Salegentibacter          28.64%    passed     90.94%
 292  1978412_Sediminibacterium       27.39%    passed     32.67%
 293  MAG_1                           31.81%    passed     83.15%
 294  2094151_Paramuribaculum         28.66%    passed     77.97%
 295  1547597_Sanguibacteroides       28.67%    passed     11.37%
 296  1774273_Polaribacter            29.36%    passed     96.65%
 297  661488_Pseudobacter             27.70%    passed     55.38%
 298  684065_Algoriella               29.24%    passed     87.16%
 299  1123248_Segetibacter            27.75%    passed     39.02%
 300  911197_Phaeocystidibacter       29.05%    passed     59.15%
 301  1871023_Millionella             27.77%    passed      6.12%
 302  619805_Soonwooa                 28.86%    passed     96.56%
 303  1586267_Apibacter               29.22%    passed     64.45%
****  TOTAL                           28.80%  27 sequences failed composition chi2 test (p-value<5%; df=19)

Partition file is not in NEXUS format, assuming RAxML-style partition file...
Subset	Type	Seqs	Sites	Infor	Invar	Model	Name
1	AA	302	242	188	40	LG	L1.fasta
2	AA	302	302	213	69	LG	L2.fasta
3	AA	302	287	180	81	LG	L3.fasta
4	AA	303	282	190	72	LG	L4.fasta
5	AA	301	227	159	57	LG	L5.fasta
6	AA	302	221	160	45	LG	L6.fasta
7	AA	303	268	189	37	LG	L10.fasta
8	AA	302	190	133	41	LG	L13.fasta
9	AA	303	124	85	30	LG	L14.fasta
10	AA	301	312	136	117	LG	L15.fasta
11	AA	303	170	101	60	LG	L18.fasta
12	AA	302	240	167	41	LG	L22.fasta
13	AA	303	132	92	25	LG	L23.fasta
14	AA	303	179	118	35	LG	L24.fasta
15	AA	302	133	85	10	LG	L29.fasta
16	AA	301	699	378	181	LG	S2.fasta
17	AA	303	464	280	89	LG	S3.fasta
18	AA	302	211	165	33	LG	S4.fasta
19	AA	303	213	137	51	LG	S5.fasta
20	AA	301	165	131	23	LG	S7.fasta
21	AA	303	137	104	18	LG	S8.fasta
22	AA	302	177	103	62	LG	S9.fasta
23	AA	303	105	65	23	LG	S10.fasta
24	AA	301	142	101	28	LG	S11.fasta
25	AA	302	160	71	76	LG	S12.fasta
26	AA	302	130	85	36	LG	S13.fasta
27	AA	303	105	75	15	LG	S14.fasta
28	AA	302	111	77	16	LG	S15.fasta
29	AA	302	158	80	43	LG	S17.fasta
30	AA	303	96	66	21	LG	S19.fasta
Degree of missing data: 0.003
Info: multi-threading strategy over partitions

WARNING: States(s) W rarely appear in partition L5.fasta and may cause numerical problems
WARNING: States(s) W rarely appear in partition L14.fasta and may cause numerical problems
WARNING: States(s) W rarely appear in partition S10.fasta and may cause numerical problems
WARNING: States(s) W rarely appear in partition S15.fasta and may cause numerical problems

Create initial parsimony tree by phylogenetic likelihood library (PLL)... 1.711 seconds

NOTE: 299 MB RAM (0 GB) is required!
Measuring multi-threading efficiency up to 20 CPU cores
6 trees examined
Threads: 1 / Time: 22.790 sec / Speedup: 1.000 / Efficiency: 100% / LogL: -1483291
Threads: 2 / Time: 42.626 sec / Speedup: 0.535 / Efficiency: 27% / LogL: -1483291
BEST NUMBER OF THREADS: 1

Estimate model parameters (epsilon = 0.100)
Initial log-likelihood: -837364.170
Current log-likelihood at step 1: -837199.099
Current log-likelihood at step 2: -837198.954
Current log-likelihood at step 3: -837198.953
Parameters optimization took 2 rounds (13.669 sec)

Computing ML distances based on estimated model parameters... 152.958 sec
Computing BIONJ tree...
0.176 seconds
Log-likelihood of BIONJ tree: -839823.128
--------------------------------------------------------------------
|             INITIALIZING CANDIDATE TREE SET                      |
--------------------------------------------------------------------
Generating 98 parsimony trees... 183.516 second
Computing log-likelihood of 98 initial trees ... 734.995 seconds
Current best score: -837065.201

Do NNI search on 20 best initial trees
Estimate model parameters (epsilon = 0.100)
Initial log-likelihood: -836808.538
Current log-likelihood at step 1: -836808.538
Parameters optimization took 0 rounds (1.734 sec)

BETTER TREE FOUND at iteration 1: -836808.538
Estimate model parameters (epsilon = 0.100)
Initial log-likelihood: -836804.257
Current log-likelihood at step 1: -836804.257
Parameters optimization took 0 rounds (1.975 sec)

BETTER TREE FOUND at iteration 2: -836804.257
Estimate model parameters (epsilon = 0.100)
Initial log-likelihood: -836793.765
Current log-likelihood at step 1: -836793.765
Parameters optimization took 0 rounds (1.778 sec)

BETTER TREE FOUND at iteration 3: -836793.765
Iteration 10 / LogL: -836856.372 / Time: 0h:23m:1s
Estimate model parameters (epsilon = 0.100)
Initial log-likelihood: -836772.684
Current log-likelihood at step 1: -836772.684
Parameters optimization took 0 rounds (1.673 sec)

BETTER TREE FOUND at iteration 14: -836772.684
Iteration 20 / LogL: -836908.099 / Time: 0h:26m:33s
Finish initializing candidate tree set (20)
Current best tree score: -836772.684 / CPU time: 1337.572
Number of iterations: 20
--------------------------------------------------------------------
|               OPTIMIZING CANDIDATE TREE SET                      |
--------------------------------------------------------------------
Estimate model parameters (epsilon = 0.100)
Initial log-likelihood: -836734.816
Current log-likelihood at step 1: -836734.816
Parameters optimization took 0 rounds (1.599 sec)

BETTER TREE FOUND at iteration 21: -836734.816
Iteration 30 / LogL: -836804.444 / Time: 0h:34m:8s (1h:46m:59s left)
Estimate model parameters (epsilon = 0.100)
Initial log-likelihood: -836727.786
Current log-likelihood at step 1: -836727.786
Parameters optimization took 0 rounds (1.750 sec)

BETTER TREE FOUND at iteration 35: -836727.786
Iteration 40 / LogL: -836739.466 / Time: 0h:41m:22s (1h:40m:40s left)
Estimate model parameters (epsilon = 0.100)
Initial log-likelihood: -836722.615
Current log-likelihood at step 1: -836722.615
Parameters optimization took 0 rounds (1.554 sec)

BETTER TREE FOUND at iteration 44: -836722.615
Iteration 50 / LogL: -836748.631 / Time: 0h:48m:40s (1h:33m:18s left)
Estimate model parameters (epsilon = 0.100)
Initial log-likelihood: -836715.783
Current log-likelihood at step 1: -836715.783
Parameters optimization took 0 rounds (1.676 sec)

BETTER TREE FOUND at iteration 57: -836715.783
Iteration 60 / LogL: -836818.919 / Time: 0h:55m:52s (1h:31m:47s left)
Iteration 70 / LogL: -836741.340 / Time: 1h:3m:8s (1h:19m:34s left)
Iteration 80 / LogL: -836846.662 / Time: 1h:10m:36s (1h:8m:46s left)
Estimate model parameters (epsilon = 0.100)
Initial log-likelihood: -836715.325
Current log-likelihood at step 1: -836715.325
Parameters optimization took 0 rounds (1.899 sec)

BETTER TREE FOUND at iteration 84: -836715.325
Estimate model parameters (epsilon = 0.100)
Initial log-likelihood: -836714.089
Current log-likelihood at step 1: -836714.089
Parameters optimization took 0 rounds (1.575 sec)

BETTER TREE FOUND at iteration 89: -836714.089
Iteration 90 / LogL: -836731.376 / Time: 1h:18m:12s (1h:26m:57s left)
Estimate model parameters (epsilon = 0.100)
Initial log-likelihood: -836709.790
Current log-likelihood at step 1: -836709.790
Parameters optimization took 0 rounds (1.689 sec)

BETTER TREE FOUND at iteration 94: -836709.790
Estimate model parameters (epsilon = 0.100)
Initial log-likelihood: -836705.837
Current log-likelihood at step 1: -836705.837
Parameters optimization took 0 rounds (2.121 sec)

BETTER TREE FOUND at iteration 97: -836705.837
Iteration 100 / LogL: -836716.786 / Time: 1h:25m:44s (1h:23m:58s left)
Estimate model parameters (epsilon = 0.100)
Initial log-likelihood: -836699.070
Current log-likelihood at step 1: -836699.070
Parameters optimization took 0 rounds (1.773 sec)

BETTER TREE FOUND at iteration 106: -836699.070
Iteration 110 / LogL: -836722.191 / Time: 1h:33m:28s (1h:22m:17s left)
Iteration 120 / LogL: -836803.073 / Time: 1h:40m:38s (1h:12m:41s left)
Estimate model parameters (epsilon = 0.100)
Initial log-likelihood: -836698.558
Current log-likelihood at step 1: -836698.558
Parameters optimization took 0 rounds (1.530 sec)

BETTER TREE FOUND at iteration 123: -836698.558
Iteration 130 / LogL: -836887.345 / Time: 1h:48m:1s (1h:17m:50s left)
Iteration 140 / LogL: -836701.682 / Time: 1h:55m:17s (1h:8m:49s left)
Iteration 150 / LogL: -836785.633 / Time: 2h:2m:38s (1h:0m:3s left)
Iteration 160 / LogL: -836713.884 / Time: 2h:10m:13s (0h:51m:34s left)
Iteration 170 / LogL: -836705.840 / Time: 2h:17m:22s (0h:43m:4s left)
Iteration 180 / LogL: -836768.664 / Time: 2h:24m:37s (0h:34m:44s left)
Iteration 190 / LogL: -836732.345 / Time: 2h:31m:19s (0h:26m:24s left)
Iteration 200 / LogL: -836698.613 / Time: 2h:38m:16s (0h:18m:17s left)
Iteration 210 / LogL: -836745.748 / Time: 2h:44m:42s (0h:10m:14s left)
Iteration 220 / LogL: -836925.340 / Time: 2h:50m:53s (0h:2m:20s left)
TREE SEARCH COMPLETED AFTER 224 ITERATIONS / Time: 2h:53m:32s

--------------------------------------------------------------------
|                    FINALIZING TREE SEARCH                        |
--------------------------------------------------------------------
Performs final model parameters optimization
Estimate model parameters (epsilon = 0.010)
Initial log-likelihood: -836698.558
Current log-likelihood at step 1: -836698.558
Parameters optimization took 0 rounds (1.230 sec)

BEST SCORE FOUND : -836698.558
Total tree length: 35.607

Total number of iterations: 224
CPU time used for tree search: 10148.330 sec (2h:49m:8s)
Wall-clock time used for tree search: 10156.345 sec (2h:49m:16s)
Total CPU time used: 10393.290 sec (2h:53m:13s)
Total wall-clock time used: 10414.632 sec (2h:53m:34s)

Analysis results written to: 
  IQ-TREE report:                partitions.txt.iqtree
  Maximum-likelihood tree:       partitions.txt.treefile
  Likelihood distances:          partitions.txt.mldist
  Screen log file:               partitions.txt.log

Date and Time: Wed Jan  6 21:39:50 2021
